<?xml version="1.0" encoding="UTF-8"?>
<!-- Generated by org.testng.reporters.JUnitReportReporter -->
<testsuite hostname="KSTQATester" failures="0" tests="1" name="com.juaracoding.pageobjecttwo.TestPostTestNineteen" time="80.752" errors="0" timestamp="2022-08-24T02:10:09 WIB" skipped="0">
  <testcase classname="com.juaracoding.pageobjecttwo.TestPostTestNineteen" name="testPostTestNineteen" time="80.752"/>
  <system-out/>
</testsuite> <!-- com.juaracoding.pageobjecttwo.TestPostTestNineteen -->
