<?xml version="1.0" encoding="UTF-8"?>
<!-- Generated by org.testng.reporters.JUnitReportReporter -->
<testsuite hostname="KSTQATester" failures="0" tests="1" name="com.juaracoding.pageobjecttwo.TestPostTestEightteen" time="36.369" errors="0" timestamp="2022-08-19T23:59:50 WIB" skipped="0">
  <testcase classname="com.juaracoding.pageobjecttwo.TestPostTestEightteen" name="testPostTestEightteen" time="36.369"/>
  <system-out/>
</testsuite> <!-- com.juaracoding.pageobjecttwo.TestPostTestEightteen -->
